[debug] [2022-01-10T07:45:20.486Z] ----------------------------------------------------------------------
[debug] [2022-01-10T07:45:20.489Z] Command:       C:\Program Files\nodejs\node.exe C:\Users\Sebas\AppData\Roaming\npm\node_modules\firebase-tools\lib\bin\firebase.js init
[debug] [2022-01-10T07:45:20.490Z] CLI Version:   10.0.1
[debug] [2022-01-10T07:45:20.490Z] Platform:      win32
[debug] [2022-01-10T07:45:20.490Z] Node Version:  v14.18.1
[debug] [2022-01-10T07:45:20.491Z] Time:          Mon Jan 10 2022 02:45:20 GMT-0500 (hora estándar de Colombia)
[debug] [2022-01-10T07:45:20.492Z] ----------------------------------------------------------------------
[debug] 
[debug] [2022-01-10T07:45:20.603Z] > command requires scopes: ["email","openid","https://www.googleapis.com/auth/cloudplatformprojects.readonly","https://www.googleapis.com/auth/firebase","https://www.googleapis.com/auth/cloud-platform"]
[debug] [2022-01-10T07:45:20.604Z] > authorizing via signed-in user (sebaslpez0519@gmail.com)
[info] 
     ######## #### ########  ######## ########     ###     ######  ########
     ##        ##  ##     ## ##       ##     ##  ##   ##  ##       ##
     ######    ##  ########  ######   ########  #########  ######  ######
     ##        ##  ##    ##  ##       ##     ## ##     ##       ## ##
     ##       #### ##     ## ######## ########  ##     ##  ######  ########

You're about to initialize a Firebase project in this directory:

  E:\Challenge\question-app

Before we get started, keep in mind:

  * You are initializing within an existing Firebase project directory

[info] 
=== Project Setup
[info] 
[info] First, let's associate this project directory with a Firebase project.
[info] You can create multiple project aliases by running firebase use --add, 
[info] but for now we'll just set up a default project.
[info] 
[debug] [2022-01-10T07:45:24.983Z] Using project from CLI flag: quetions-app
[debug] [2022-01-10T07:45:24.988Z] >>> [apiv2][query] GET https://firebase.googleapis.com/v1beta1/projects/quetions-app [none]
[debug] [2022-01-10T07:45:25.396Z] <<< [apiv2][status] GET https://firebase.googleapis.com/v1beta1/projects/quetions-app 403
[debug] [2022-01-10T07:45:25.396Z] <<< [apiv2][body] GET https://firebase.googleapis.com/v1beta1/projects/quetions-app {"error":{"code":403,"message":"The caller does not have permission","status":"PERMISSION_DENIED"}}
[debug] [2022-01-10T07:45:25.397Z] HTTP Error: 403, The caller does not have permission
[debug] [2022-01-10T07:45:25.579Z] FirebaseError: HTTP Error: 403, The caller does not have permission
    at module.exports (C:\Users\Sebas\AppData\Roaming\npm\node_modules\firebase-tools\lib\responseToError.js:38:12)
    at Client.doRequest (C:\Users\Sebas\AppData\Roaming\npm\node_modules\firebase-tools\lib\apiv2.js:241:23)
    at processTicksAndRejections (internal/process/task_queues.js:95:5)
    at async Client.request (C:\Users\Sebas\AppData\Roaming\npm\node_modules\firebase-tools\lib\apiv2.js:96:20)
    at async Object.getFirebaseProject (C:\Users\Sebas\AppData\Roaming\npm\node_modules\firebase-tools\lib\management\projects.js:290:21)
    at async Object.doSetup [as project] (C:\Users\Sebas\AppData\Roaming\npm\node_modules\firebase-tools\lib\init\features\project.js:85:27)
    at async init (C:\Users\Sebas\AppData\Roaming\npm\node_modules\firebase-tools\lib\init\index.js:19:9)
[error] 
[error] Error: Failed to get Firebase project quetions-app. Please make sure the project exists and your account has permission to access it.
